4097DF9D22770000:error:0A000126:SSL routines:ssl3_read_n:unexpected eof while reading:../ssl/record/rec_layer_s3.c:316:
4097DF9D22770000:error:0A0000F4:SSL routines:ssl3_read_bytes:unexpected message:../ssl/record/rec_layer_s3.c:1536:
4097DF9D22770000:error:0A0000F4:SSL routines:ssl3_read_bytes:unexpected message:../ssl/record/rec_layer_s3.c:1536:
4097DF9D22770000:error:0A0000F4:SSL routines:ssl3_read_bytes:unexpected message:../ssl/record/rec_layer_s3.c:1536:
4097DF9D22770000:error:0A0000F4:SSL routines:ssl3_read_bytes:unexpected message:../ssl/record/rec_layer_s3.c:1536:
4097DF9D22770000:error:0A0000F4:SSL routines:ssl3_read_bytes:unexpected message:../ssl/record/rec_layer_s3.c:1536:
4097DF9D22770000:error:0A0000F4:SSL routines:ssl3_read_bytes:unexpected message:../ssl/record/rec_layer_s3.c:1536:
4097DF9D22770000:error:0A0000F4:SSL routines:ssl3_read_bytes:unexpected message:../ssl/record/rec_layer_s3.c:1536:
4097DF9D22770000:error:0A0000F4:SSL routines:ssl3_read_bytes:unexpected message:../ssl/record/rec_layer_s3.c:1536:
4097DF9D22770000:error:0A0000F4:SSL routines:ssl3_read_bytes:unexpected message:../ssl/record/rec_layer_s3.c:1536:
4097DF9D22770000:error:0A0001BB:SSL routines:ssl3_get_record:bad record type:../ssl/record/ssl3_record.c:371:
4097DF9D22770000:error:0A0001BB:SSL routines:ssl3_get_record:bad record type:../ssl/record/ssl3_record.c:709:
4097DF9D22770000:error:0A0000F4:SSL routines:ossl_statem_server_read_transition:unexpected message:../ssl/statem/statem_srvr.c:312:
4097DF9D22770000:error:0A0000F4:SSL routines:ossl_statem_server_read_transition:unexpected message:../ssl/statem/statem_srvr.c:312:
4097DF9D22770000:error:0A0000F5:SSL routines:ssl3_read_bytes:unexpected record:../ssl/record/rec_layer_s3.c:1796:
4097DF9D22770000:error:0A0000F5:SSL routines:ssl3_read_bytes:unexpected record:../ssl/record/rec_layer_s3.c:1796:
4097DF9D22770000:error:0A00044C:SSL routines:ssl3_read_bytes:tlsv1 alert no renegotiation:../ssl/record/rec_layer_s3.c:1599:SSL alert number 100
4097DF9D22770000:error:0A0000F4:SSL routines:ossl_statem_server_read_transition:unexpected message:../ssl/statem/statem_srvr.c:312:
4097DF9D22770000:error:0A0000F4:SSL routines:ssl3_read_bytes:unexpected message:../ssl/record/rec_layer_s3.c:1536:
4097DF9D22770000:error:0A0000F4:SSL routines:ssl3_read_bytes:unexpected message:../ssl/record/rec_layer_s3.c:1536:
4097DF9D22770000:error:0A0000F4:SSL routines:ssl3_read_bytes:unexpected message:../ssl/record/rec_layer_s3.c:1536:
4097DF9D22770000:error:0A0000F4:SSL routines:ssl3_read_bytes:unexpected message:../ssl/record/rec_layer_s3.c:1536:
4097DF9D22770000:error:0A0000F4:SSL routines:ssl3_read_bytes:unexpected message:../ssl/record/rec_layer_s3.c:1536:
4097DF9D22770000:error:0A0000F4:SSL routines:ssl3_read_bytes:unexpected message:../ssl/record/rec_layer_s3.c:1536:
4097DF9D22770000:error:0A0000F4:SSL routines:ssl3_read_bytes:unexpected message:../ssl/record/rec_layer_s3.c:1536:
4097DF9D22770000:error:0A0000F4:SSL routines:ssl3_read_bytes:unexpected message:../ssl/record/rec_layer_s3.c:1536:
4097DF9D22770000:error:0A0000F4:SSL routines:ssl3_read_bytes:unexpected message:../ssl/record/rec_layer_s3.c:1536:
4097DF9D22770000:error:0A0000F4:SSL routines:ssl3_read_bytes:unexpected message:../ssl/record/rec_layer_s3.c:1536:
4097DF9D22770000:error:0A0000F4:SSL routines:ssl3_read_bytes:unexpected message:../ssl/record/rec_layer_s3.c:1536:
4097DF9D22770000:error:0A0000F4:SSL routines:ssl3_read_bytes:unexpected message:../ssl/record/rec_layer_s3.c:1536:
4097DF9D22770000:error:0A0000F4:SSL routines:ssl3_read_bytes:unexpected message:../ssl/record/rec_layer_s3.c:1536:
4097DF9D22770000:error:0A0000F4:SSL routines:ssl3_read_bytes:unexpected message:../ssl/record/rec_layer_s3.c:1536:
4097DF9D22770000:error:0A0000F4:SSL routines:ssl3_read_bytes:unexpected message:../ssl/record/rec_layer_s3.c:1536:
4097DF9D22770000:error:0A0000F4:SSL routines:ssl3_read_bytes:unexpected message:../ssl/record/rec_layer_s3.c:1536:
4097DF9D22770000:error:0A0000F4:SSL routines:ssl3_read_bytes:unexpected message:../ssl/record/rec_layer_s3.c:1536:
4097DF9D22770000:error:0A0000F4:SSL routines:ssl3_read_bytes:unexpected message:../ssl/record/rec_layer_s3.c:1536:
4097DF9D22770000:error:0A0000F4:SSL routines:ssl3_read_bytes:unexpected message:../ssl/record/rec_layer_s3.c:1536:
4097DF9D22770000:error:0A0000F4:SSL routines:ssl3_read_bytes:unexpected message:../ssl/record/rec_layer_s3.c:1536:
4097DF9D22770000:error:0A0000F4:SSL routines:ssl3_read_bytes:unexpected message:../ssl/record/rec_layer_s3.c:1536:
4097DF9D22770000:error:0A0000F4:SSL routines:ssl3_read_bytes:unexpected message:../ssl/record/rec_layer_s3.c:1536:
4097DF9D22770000:error:0A0000F4:SSL routines:ssl3_read_bytes:unexpected message:../ssl/record/rec_layer_s3.c:1536:
4097DF9D22770000:error:0A0000F4:SSL routines:ssl3_read_bytes:unexpected message:../ssl/record/rec_layer_s3.c:1536:
4097DF9D22770000:error:0A0000F4:SSL routines:ssl3_read_bytes:unexpected message:../ssl/record/rec_layer_s3.c:1536:
4097DF9D22770000:error:0A0000F4:SSL routines:ssl3_read_bytes:unexpected message:../ssl/record/rec_layer_s3.c:1536:
4097DF9D22770000:error:0A0000F4:SSL routines:ssl3_read_bytes:unexpected message:../ssl/record/rec_layer_s3.c:1536:
4097DF9D22770000:error:0A0000F4:SSL routines:ssl3_read_bytes:unexpected message:../ssl/record/rec_layer_s3.c:1536:
4097DF9D22770000:error:0A0000F4:SSL routines:ssl3_read_bytes:unexpected message:../ssl/record/rec_layer_s3.c:1536:
4097DF9D22770000:error:0A0000F4:SSL routines:ssl3_read_bytes:unexpected message:../ssl/record/rec_layer_s3.c:1536:
4097DF9D22770000:error:0A0000F4:SSL routines:ssl3_read_bytes:unexpected message:../ssl/record/rec_layer_s3.c:1536:
4097DF9D22770000:error:0A0000F4:SSL routines:ssl3_read_bytes:unexpected message:../ssl/record/rec_layer_s3.c:1536:
4097DF9D22770000:error:0A0000F4:SSL routines:ssl3_read_bytes:unexpected message:../ssl/record/rec_layer_s3.c:1536:
4097DF9D22770000:error:0A0000F4:SSL routines:ssl3_read_bytes:unexpected message:../ssl/record/rec_layer_s3.c:1536:
4097DF9D22770000:error:0A0000F4:SSL routines:ssl3_read_bytes:unexpected message:../ssl/record/rec_layer_s3.c:1536:
4097DF9D22770000:error:0A0000F4:SSL routines:ssl3_read_bytes:unexpected message:../ssl/record/rec_layer_s3.c:1536:
4097DF9D22770000:error:0A0000F4:SSL routines:ssl3_read_bytes:unexpected message:../ssl/record/rec_layer_s3.c:1536:
4097DF9D22770000:error:0A0000F4:SSL routines:ssl3_read_bytes:unexpected message:../ssl/record/rec_layer_s3.c:1536:
4097DF9D22770000:error:0A0000F4:SSL routines:ssl3_read_bytes:unexpected message:../ssl/record/rec_layer_s3.c:1536:
4097DF9D22770000:error:0A0000F4:SSL routines:ssl3_read_bytes:unexpected message:../ssl/record/rec_layer_s3.c:1536:
4097DF9D22770000:error:0A0000F4:SSL routines:ssl3_read_bytes:unexpected message:../ssl/record/rec_layer_s3.c:1536:
4097DF9D22770000:error:0A0000F4:SSL routines:ssl3_read_bytes:unexpected message:../ssl/record/rec_layer_s3.c:1536:
4097DF9D22770000:error:0A0000F4:SSL routines:ssl3_read_bytes:unexpected message:../ssl/record/rec_layer_s3.c:1536:
4097DF9D22770000:error:0A0000F4:SSL routines:ssl3_read_bytes:unexpected message:../ssl/record/rec_layer_s3.c:1536:
4097DF9D22770000:error:0A0000F4:SSL routines:ssl3_read_bytes:unexpected message:../ssl/record/rec_layer_s3.c:1536:
4097DF9D22770000:error:0A0000F4:SSL routines:ssl3_read_bytes:unexpected message:../ssl/record/rec_layer_s3.c:1536:
4097DF9D22770000:error:0A0000F4:SSL routines:ssl3_read_bytes:unexpected message:../ssl/record/rec_layer_s3.c:1536:
4097DF9D22770000:error:0A0000F4:SSL routines:ssl3_read_bytes:unexpected message:../ssl/record/rec_layer_s3.c:1536:
4097DF9D22770000:error:0A0000F4:SSL routines:ssl3_read_bytes:unexpected message:../ssl/record/rec_layer_s3.c:1536:
4097DF9D22770000:error:0A0000F4:SSL routines:ssl3_read_bytes:unexpected message:../ssl/record/rec_layer_s3.c:1536:
4097DF9D22770000:error:0A0000F4:SSL routines:ssl3_read_bytes:unexpected message:../ssl/record/rec_layer_s3.c:1536:
4097DF9D22770000:error:0A0000F4:SSL routines:ssl3_read_bytes:unexpected message:../ssl/record/rec_layer_s3.c:1536:
4097DF9D22770000:error:0A0000F4:SSL routines:ssl3_read_bytes:unexpected message:../ssl/record/rec_layer_s3.c:1536:
4097DF9D22770000:error:0A0000F4:SSL routines:ssl3_read_bytes:unexpected message:../ssl/record/rec_layer_s3.c:1536:
4097DF9D22770000:error:0A0000F4:SSL routines:ssl3_read_bytes:unexpected message:../ssl/record/rec_layer_s3.c:1536:
4097DF9D22770000:error:0A0000F4:SSL routines:ssl3_read_bytes:unexpected message:../ssl/record/rec_layer_s3.c:1536:
4097DF9D22770000:error:0A0000F4:SSL routines:ssl3_read_bytes:unexpected message:../ssl/record/rec_layer_s3.c:1536:
4097DF9D22770000:error:0A0000F4:SSL routines:ssl3_read_bytes:unexpected message:../ssl/record/rec_layer_s3.c:1536:
4097DF9D22770000:error:0A0000F4:SSL routines:ssl3_read_bytes:unexpected message:../ssl/record/rec_layer_s3.c:1536:
4097DF9D22770000:error:0A0000F4:SSL routines:ssl3_read_bytes:unexpected message:../ssl/record/rec_layer_s3.c:1536:
4097DF9D22770000:error:0A0000F4:SSL routines:ssl3_read_bytes:unexpected message:../ssl/record/rec_layer_s3.c:1536:
4097DF9D22770000:error:0A0000F4:SSL routines:ssl3_read_bytes:unexpected message:../ssl/record/rec_layer_s3.c:1536:
4097DF9D22770000:error:0A0000F4:SSL routines:ssl3_read_bytes:unexpected message:../ssl/record/rec_layer_s3.c:1536:
4097DF9D22770000:error:0A0000F4:SSL routines:ssl3_read_bytes:unexpected message:../ssl/record/rec_layer_s3.c:1536:
4097DF9D22770000:error:0A0000F4:SSL routines:ssl3_read_bytes:unexpected message:../ssl/record/rec_layer_s3.c:1536:
4097DF9D22770000:error:0A0000F4:SSL routines:ssl3_read_bytes:unexpected message:../ssl/record/rec_layer_s3.c:1536:
4097DF9D22770000:error:0A0000F4:SSL routines:ssl3_read_bytes:unexpected message:../ssl/record/rec_layer_s3.c:1536:
4097DF9D22770000:error:0A0000F4:SSL routines:ssl3_read_bytes:unexpected message:../ssl/record/rec_layer_s3.c:1536:
4097DF9D22770000:error:0A0000F4:SSL routines:ssl3_read_bytes:unexpected message:../ssl/record/rec_layer_s3.c:1536:
4097DF9D22770000:error:0A0000F4:SSL routines:ssl3_read_bytes:unexpected message:../ssl/record/rec_layer_s3.c:1536:
4097DF9D22770000:error:0A0000F4:SSL routines:ssl3_read_bytes:unexpected message:../ssl/record/rec_layer_s3.c:1536:
4097DF9D22770000:error:0A0000F4:SSL routines:ssl3_read_bytes:unexpected message:../ssl/record/rec_layer_s3.c:1536:
4097DF9D22770000:error:0A0000F4:SSL routines:ssl3_read_bytes:unexpected message:../ssl/record/rec_layer_s3.c:1536:
4097DF9D22770000:error:0A0000F4:SSL routines:ssl3_read_bytes:unexpected message:../ssl/record/rec_layer_s3.c:1536:
4097DF9D22770000:error:0A0000F4:SSL routines:ssl3_read_bytes:unexpected message:../ssl/record/rec_layer_s3.c:1536:
4097DF9D22770000:error:0A0000F4:SSL routines:ssl3_read_bytes:unexpected message:../ssl/record/rec_layer_s3.c:1536:
4097DF9D22770000:error:0A0000F4:SSL routines:ssl3_read_bytes:unexpected message:../ssl/record/rec_layer_s3.c:1536:
4097DF9D22770000:error:0A0000F4:SSL routines:ssl3_read_bytes:unexpected message:../ssl/record/rec_layer_s3.c:1536:
4097DF9D22770000:error:0A0000F4:SSL routines:ssl3_read_bytes:unexpected message:../ssl/record/rec_layer_s3.c:1536:
4097DF9D22770000:error:0A0000F4:SSL routines:ssl3_read_bytes:unexpected message:../ssl/record/rec_layer_s3.c:1536:
4097DF9D22770000:error:0A0000F4:SSL routines:ssl3_read_bytes:unexpected message:../ssl/record/rec_layer_s3.c:1536:
4097DF9D22770000:error:0A0000F4:SSL routines:ssl3_read_bytes:unexpected message:../ssl/record/rec_layer_s3.c:1536:
4097DF9D22770000:error:0A0000F4:SSL routines:ssl3_read_bytes:unexpected message:../ssl/record/rec_layer_s3.c:1536:
4097DF9D22770000:error:0A0000F4:SSL routines:ssl3_read_bytes:unexpected message:../ssl/record/rec_layer_s3.c:1536:
4097DF9D22770000:error:0A0000F4:SSL routines:ssl3_read_bytes:unexpected message:../ssl/record/rec_layer_s3.c:1536:
4097DF9D22770000:error:0A0000F4:SSL routines:ssl3_read_bytes:unexpected message:../ssl/record/rec_layer_s3.c:1536:
4097DF9D22770000:error:0A0000F4:SSL routines:ssl3_read_bytes:unexpected message:../ssl/record/rec_layer_s3.c:1536:
4097DF9D22770000:error:0A0000F4:SSL routines:ssl3_read_bytes:unexpected message:../ssl/record/rec_layer_s3.c:1536:
4097DF9D22770000:error:0A0000F4:SSL routines:ssl3_read_bytes:unexpected message:../ssl/record/rec_layer_s3.c:1536:
4097DF9D22770000:error:0A0000F4:SSL routines:ssl3_read_bytes:unexpected message:../ssl/record/rec_layer_s3.c:1536:
4097DF9D22770000:error:0A0001BB:SSL routines:ssl3_get_record:bad record type:../ssl/record/ssl3_record.c:371:
4097DF9D22770000:error:0A0001BB:SSL routines:ssl3_get_record:bad record type:../ssl/record/ssl3_record.c:371:
4097DF9D22770000:error:0A0001BB:SSL routines:ssl3_get_record:bad record type:../ssl/record/ssl3_record.c:371:
4097DF9D22770000:error:0A0001BB:SSL routines:ssl3_get_record:bad record type:../ssl/record/ssl3_record.c:371:
4097DF9D22770000:error:0A0001BB:SSL routines:ssl3_get_record:bad record type:../ssl/record/ssl3_record.c:371:
4097DF9D22770000:error:0A0001BB:SSL routines:ssl3_get_record:bad record type:../ssl/record/ssl3_record.c:371:
4097DF9D22770000:error:0A0001BB:SSL routines:ssl3_get_record:bad record type:../ssl/record/ssl3_record.c:371:
4097DF9D22770000:error:0A0001BB:SSL routines:ssl3_get_record:bad record type:../ssl/record/ssl3_record.c:371:
4097DF9D22770000:error:0A0001BB:SSL routines:ssl3_get_record:bad record type:../ssl/record/ssl3_record.c:371:
4097DF9D22770000:error:0A0001BB:SSL routines:ssl3_get_record:bad record type:../ssl/record/ssl3_record.c:371:
4097DF9D22770000:error:0A0001BB:SSL routines:ssl3_get_record:bad record type:../ssl/record/ssl3_record.c:709:
4097DF9D22770000:error:0A0001BB:SSL routines:ssl3_get_record:bad record type:../ssl/record/ssl3_record.c:709:
4097DF9D22770000:error:0A0001BB:SSL routines:ssl3_get_record:bad record type:../ssl/record/ssl3_record.c:709:
4097DF9D22770000:error:0A0001BB:SSL routines:ssl3_get_record:bad record type:../ssl/record/ssl3_record.c:709:
4097DF9D22770000:error:0A0001BB:SSL routines:ssl3_get_record:bad record type:../ssl/record/ssl3_record.c:709:
4097DF9D22770000:error:0A0001BB:SSL routines:ssl3_get_record:bad record type:../ssl/record/ssl3_record.c:709:
4097DF9D22770000:error:0A0001BB:SSL routines:ssl3_get_record:bad record type:../ssl/record/ssl3_record.c:709:
4097DF9D22770000:error:0A0001BB:SSL routines:ssl3_get_record:bad record type:../ssl/record/ssl3_record.c:709:
4097DF9D22770000:error:0A0001BB:SSL routines:ssl3_get_record:bad record type:../ssl/record/ssl3_record.c:709:
4097DF9D22770000:error:0A0001BB:SSL routines:ssl3_get_record:bad record type:../ssl/record/ssl3_record.c:709:
4097DF9D22770000:error:0A0000F4:SSL routines:ossl_statem_server_read_transition:unexpected message:../ssl/statem/statem_srvr.c:312:
4097DF9D22770000:error:0A0000F4:SSL routines:ossl_statem_server_read_transition:unexpected message:../ssl/statem/statem_srvr.c:312:
4097DF9D22770000:error:0A0000F4:SSL routines:ossl_statem_server_read_transition:unexpected message:../ssl/statem/statem_srvr.c:312:
4097DF9D22770000:error:0A0000F4:SSL routines:ossl_statem_server_read_transition:unexpected message:../ssl/statem/statem_srvr.c:312:
4097DF9D22770000:error:0A0000F4:SSL routines:ossl_statem_server_read_transition:unexpected message:../ssl/statem/statem_srvr.c:312:
4097DF9D22770000:error:0A0000F4:SSL routines:ossl_statem_server_read_transition:unexpected message:../ssl/statem/statem_srvr.c:312:
4097DF9D22770000:error:0A0000F4:SSL routines:ossl_statem_server_read_transition:unexpected message:../ssl/statem/statem_srvr.c:312:
4097DF9D22770000:error:0A0000F4:SSL routines:ossl_statem_server_read_transition:unexpected message:../ssl/statem/statem_srvr.c:312:
4097DF9D22770000:error:0A0000F4:SSL routines:ossl_statem_server_read_transition:unexpected message:../ssl/statem/statem_srvr.c:312:
4097DF9D22770000:error:0A0000F4:SSL routines:ossl_statem_server_read_transition:unexpected message:../ssl/statem/statem_srvr.c:312:
4097DF9D22770000:error:0A0000F4:SSL routines:ossl_statem_server_read_transition:unexpected message:../ssl/statem/statem_srvr.c:312:
4097DF9D22770000:error:0A0000F4:SSL routines:ossl_statem_server_read_transition:unexpected message:../ssl/statem/statem_srvr.c:312:
4097DF9D22770000:error:0A0000F4:SSL routines:ossl_statem_server_read_transition:unexpected message:../ssl/statem/statem_srvr.c:312:
4097DF9D22770000:error:0A0000F4:SSL routines:ossl_statem_server_read_transition:unexpected message:../ssl/statem/statem_srvr.c:312:
4097DF9D22770000:error:0A0000F4:SSL routines:ossl_statem_server_read_transition:unexpected message:../ssl/statem/statem_srvr.c:312:
4097DF9D22770000:error:0A0000F4:SSL routines:ossl_statem_server_read_transition:unexpected message:../ssl/statem/statem_srvr.c:312:
4097DF9D22770000:error:0A0000F4:SSL routines:ossl_statem_server_read_transition:unexpected message:../ssl/statem/statem_srvr.c:312:
4097DF9D22770000:error:0A0000F4:SSL routines:ossl_statem_server_read_transition:unexpected message:../ssl/statem/statem_srvr.c:312:
4097DF9D22770000:error:0A0000F4:SSL routines:ossl_statem_server_read_transition:unexpected message:../ssl/statem/statem_srvr.c:312:
4097DF9D22770000:error:0A0000F4:SSL routines:ossl_statem_server_read_transition:unexpected message:../ssl/statem/statem_srvr.c:312:
4097DF9D22770000:error:0A0001BB:SSL routines:ssl3_get_record:bad record type:../ssl/record/ssl3_record.c:371:
4097DF9D22770000:error:0A0001BB:SSL routines:ssl3_get_record:bad record type:../ssl/record/ssl3_record.c:709:
4097DF9D22770000:error:0A0000F4:SSL routines:ossl_statem_server_read_transition:unexpected message:../ssl/statem/statem_srvr.c:312:
4097DF9D22770000:error:0A0000F4:SSL routines:ossl_statem_server_read_transition:unexpected message:../ssl/statem/statem_srvr.c:312:
4097DF9D22770000:error:0A0000F4:SSL routines:ossl_statem_server_read_transition:unexpected message:../ssl/statem/statem_srvr.c:312:
4097DF9D22770000:error:0A000153:SSL routines:ssl3_read_bytes:no renegotiation:../ssl/record/rec_layer_s3.c:1615:
4097DF9D22770000:error:0A0000F4:SSL routines:ossl_statem_server_read_transition:unexpected message:../ssl/statem/statem_srvr.c:312:
4097DF9D22770000:error:0A0000F5:SSL routines:ssl3_read_bytes:unexpected record:../ssl/record/rec_layer_s3.c:1796:
4097DF9D22770000:error:0A0000F5:SSL routines:ssl3_read_bytes:unexpected record:../ssl/record/rec_layer_s3.c:1796:
4097DF9D22770000:error:0A0000F5:SSL routines:ssl3_read_bytes:unexpected record:../ssl/record/rec_layer_s3.c:1796:
4097DF9D22770000:error:0A0000F5:SSL routines:ssl3_read_bytes:unexpected record:../ssl/record/rec_layer_s3.c:1796:
4097DF9D22770000:error:0A0000F5:SSL routines:ssl3_read_bytes:unexpected record:../ssl/record/rec_layer_s3.c:1796:
4097DF9D22770000:error:0A0000F5:SSL routines:ssl3_read_bytes:unexpected record:../ssl/record/rec_layer_s3.c:1796:
4097DF9D22770000:error:0A0000F5:SSL routines:ssl3_read_bytes:unexpected record:../ssl/record/rec_layer_s3.c:1796:
4097DF9D22770000:error:0A0000F5:SSL routines:ssl3_read_bytes:unexpected record:../ssl/record/rec_layer_s3.c:1796:
4097DF9D22770000:error:0A0000F5:SSL routines:ssl3_read_bytes:unexpected record:../ssl/record/rec_layer_s3.c:1796:
4097DF9D22770000:error:0A0000F5:SSL routines:ssl3_read_bytes:unexpected record:../ssl/record/rec_layer_s3.c:1796:
4097DF9D22770000:error:0A0000F5:SSL routines:ssl3_read_bytes:unexpected record:../ssl/record/rec_layer_s3.c:1796:
4097DF9D22770000:error:0A0000F5:SSL routines:ssl3_read_bytes:unexpected record:../ssl/record/rec_layer_s3.c:1796:
4097DF9D22770000:error:0A0000F5:SSL routines:ssl3_read_bytes:unexpected record:../ssl/record/rec_layer_s3.c:1796:
4097DF9D22770000:error:0A0000F5:SSL routines:ssl3_read_bytes:unexpected record:../ssl/record/rec_layer_s3.c:1796:
4097DF9D22770000:error:0A0000F5:SSL routines:ssl3_read_bytes:unexpected record:../ssl/record/rec_layer_s3.c:1796:
4097DF9D22770000:error:0A0000F5:SSL routines:ssl3_read_bytes:unexpected record:../ssl/record/rec_layer_s3.c:1796:
4097DF9D22770000:error:0A0000F5:SSL routines:ssl3_read_bytes:unexpected record:../ssl/record/rec_layer_s3.c:1796:
4097DF9D22770000:error:0A0000F5:SSL routines:ssl3_read_bytes:unexpected record:../ssl/record/rec_layer_s3.c:1796:
4097DF9D22770000:error:0A0000F5:SSL routines:ssl3_read_bytes:unexpected record:../ssl/record/rec_layer_s3.c:1796:
4097DF9D22770000:error:0A0000F5:SSL routines:ssl3_read_bytes:unexpected record:../ssl/record/rec_layer_s3.c:1796:
4097DF9D22770000:error:0A0000F4:SSL routines:ossl_statem_server_read_transition:unexpected message:../ssl/statem/statem_srvr.c:312:
4097DF9D22770000:error:0A0000F4:SSL routines:ossl_statem_server_read_transition:unexpected message:../ssl/statem/statem_srvr.c:312:
4097DF9D22770000:error:0A0000F4:SSL routines:ossl_statem_server_read_transition:unexpected message:../ssl/statem/statem_srvr.c:312:
4097DF9D22770000:error:0A0000F4:SSL routines:ossl_statem_server_read_transition:unexpected message:../ssl/statem/statem_srvr.c:312:
4097DF9D22770000:error:0A0000F4:SSL routines:ossl_statem_server_read_transition:unexpected message:../ssl/statem/statem_srvr.c:312:
4097DF9D22770000:error:0A0000F4:SSL routines:ossl_statem_server_read_transition:unexpected message:../ssl/statem/statem_srvr.c:312:
4097DF9D22770000:error:0A0000F4:SSL routines:ossl_statem_server_read_transition:unexpected message:../ssl/statem/statem_srvr.c:312:
4097DF9D22770000:error:0A0000F4:SSL routines:ossl_statem_server_read_transition:unexpected message:../ssl/statem/statem_srvr.c:312:
4097DF9D22770000:error:0A0000F4:SSL routines:ossl_statem_server_read_transition:unexpected message:../ssl/statem/statem_srvr.c:312:
4097DF9D22770000:error:0A0000F4:SSL routines:ossl_statem_server_read_transition:unexpected message:../ssl/statem/statem_srvr.c:312:
4097DF9D22770000:error:0A0001BB:SSL routines:ssl3_get_record:bad record type:../ssl/record/ssl3_record.c:371:
4097DF9D22770000:error:0A0001BB:SSL routines:ssl3_get_record:bad record type:../ssl/record/ssl3_record.c:371:
4097DF9D22770000:error:0A0001BB:SSL routines:ssl3_get_record:bad record type:../ssl/record/ssl3_record.c:371:
4097DF9D22770000:error:0A0001BB:SSL routines:ssl3_get_record:bad record type:../ssl/record/ssl3_record.c:371:
4097DF9D22770000:error:0A0001BB:SSL routines:ssl3_get_record:bad record type:../ssl/record/ssl3_record.c:371:
4097DF9D22770000:error:0A0001BB:SSL routines:ssl3_get_record:bad record type:../ssl/record/ssl3_record.c:371:
4097DF9D22770000:error:0A0001BB:SSL routines:ssl3_get_record:bad record type:../ssl/record/ssl3_record.c:371:
4097DF9D22770000:error:0A0001BB:SSL routines:ssl3_get_record:bad record type:../ssl/record/ssl3_record.c:371:
4097DF9D22770000:error:0A0001BB:SSL routines:ssl3_get_record:bad record type:../ssl/record/ssl3_record.c:371:
4097DF9D22770000:error:0A0001BB:SSL routines:ssl3_get_record:bad record type:../ssl/record/ssl3_record.c:371:
4097DF9D22770000:error:0A0001BB:SSL routines:ssl3_get_record:bad record type:../ssl/record/ssl3_record.c:709:
4097DF9D22770000:error:0A0001BB:SSL routines:ssl3_get_record:bad record type:../ssl/record/ssl3_record.c:709:
4097DF9D22770000:error:0A0001BB:SSL routines:ssl3_get_record:bad record type:../ssl/record/ssl3_record.c:709:
4097DF9D22770000:error:0A0001BB:SSL routines:ssl3_get_record:bad record type:../ssl/record/ssl3_record.c:709:
4097DF9D22770000:error:0A0001BB:SSL routines:ssl3_get_record:bad record type:../ssl/record/ssl3_record.c:709:
4097DF9D22770000:error:0A0001BB:SSL routines:ssl3_get_record:bad record type:../ssl/record/ssl3_record.c:709:
4097DF9D22770000:error:0A0001BB:SSL routines:ssl3_get_record:bad record type:../ssl/record/ssl3_record.c:709:
4097DF9D22770000:error:0A0001BB:SSL routines:ssl3_get_record:bad record type:../ssl/record/ssl3_record.c:709:
4097DF9D22770000:error:0A0001BB:SSL routines:ssl3_get_record:bad record type:../ssl/record/ssl3_record.c:709:
4097DF9D22770000:error:0A0001BB:SSL routines:ssl3_get_record:bad record type:../ssl/record/ssl3_record.c:709:
4097DF9D22770000:error:0A0000F4:SSL routines:ossl_statem_server_read_transition:unexpected message:../ssl/statem/statem_srvr.c:312:
4097DF9D22770000:error:0A0000F4:SSL routines:ossl_statem_server_read_transition:unexpected message:../ssl/statem/statem_srvr.c:312:
4097DF9D22770000:error:0A0000F4:SSL routines:ossl_statem_server_read_transition:unexpected message:../ssl/statem/statem_srvr.c:312:
4097DF9D22770000:error:0A0000F4:SSL routines:ossl_statem_server_read_transition:unexpected message:../ssl/statem/statem_srvr.c:312:
4097DF9D22770000:error:0A0000F4:SSL routines:ossl_statem_server_read_transition:unexpected message:../ssl/statem/statem_srvr.c:312:
4097DF9D22770000:error:0A0000F4:SSL routines:ossl_statem_server_read_transition:unexpected message:../ssl/statem/statem_srvr.c:312:
4097DF9D22770000:error:0A0000F4:SSL routines:ossl_statem_server_read_transition:unexpected message:../ssl/statem/statem_srvr.c:312:
4097DF9D22770000:error:0A0000F4:SSL routines:ossl_statem_server_read_transition:unexpected message:../ssl/statem/statem_srvr.c:312:
4097DF9D22770000:error:0A0000F4:SSL routines:ossl_statem_server_read_transition:unexpected message:../ssl/statem/statem_srvr.c:312:
4097DF9D22770000:error:0A0000F4:SSL routines:ossl_statem_server_read_transition:unexpected message:../ssl/statem/statem_srvr.c:312:
4097DF9D22770000:error:0A0000F4:SSL routines:ossl_statem_server_read_transition:unexpected message:../ssl/statem/statem_srvr.c:312:
4097DF9D22770000:error:0A0000F4:SSL routines:ossl_statem_server_read_transition:unexpected message:../ssl/statem/statem_srvr.c:312:
4097DF9D22770000:error:0A0000F4:SSL routines:ossl_statem_server_read_transition:unexpected message:../ssl/statem/statem_srvr.c:312:
4097DF9D22770000:error:0A0000F4:SSL routines:ossl_statem_server_read_transition:unexpected message:../ssl/statem/statem_srvr.c:312:
4097DF9D22770000:error:0A0000F4:SSL routines:ossl_statem_server_read_transition:unexpected message:../ssl/statem/statem_srvr.c:312:
4097DF9D22770000:error:0A0000F4:SSL routines:ossl_statem_server_read_transition:unexpected message:../ssl/statem/statem_srvr.c:312:
4097DF9D22770000:error:0A0000F4:SSL routines:ossl_statem_server_read_transition:unexpected message:../ssl/statem/statem_srvr.c:312:
4097DF9D22770000:error:0A0000F4:SSL routines:ossl_statem_server_read_transition:unexpected message:../ssl/statem/statem_srvr.c:312:
4097DF9D22770000:error:0A0000F4:SSL routines:ossl_statem_server_read_transition:unexpected message:../ssl/statem/statem_srvr.c:312:
4097DF9D22770000:error:0A0000F4:SSL routines:ossl_statem_server_read_transition:unexpected message:../ssl/statem/statem_srvr.c:312:
4097DF9D22770000:error:0A0000F4:SSL routines:ossl_statem_server_read_transition:unexpected message:../ssl/statem/statem_srvr.c:312:
4097DF9D22770000:error:0A0000F4:SSL routines:ossl_statem_server_read_transition:unexpected message:../ssl/statem/statem_srvr.c:312:
4097DF9D22770000:error:0A0000F4:SSL routines:ossl_statem_server_read_transition:unexpected message:../ssl/statem/statem_srvr.c:312:
4097DF9D22770000:error:0A0000F4:SSL routines:ossl_statem_server_read_transition:unexpected message:../ssl/statem/statem_srvr.c:312:
4097DF9D22770000:error:0A0000F4:SSL routines:ossl_statem_server_read_transition:unexpected message:../ssl/statem/statem_srvr.c:312:
4097DF9D22770000:error:0A0000F4:SSL routines:ossl_statem_server_read_transition:unexpected message:../ssl/statem/statem_srvr.c:312:
4097DF9D22770000:error:0A0000F4:SSL routines:ossl_statem_server_read_transition:unexpected message:../ssl/statem/statem_srvr.c:312:
4097DF9D22770000:error:0A0000F4:SSL routines:ossl_statem_server_read_transition:unexpected message:../ssl/statem/statem_srvr.c:312:
4097DF9D22770000:error:0A0000F4:SSL routines:ossl_statem_server_read_transition:unexpected message:../ssl/statem/statem_srvr.c:312:
4097DF9D22770000:error:0A0000F4:SSL routines:ossl_statem_server_read_transition:unexpected message:../ssl/statem/statem_srvr.c:312:
4097DF9D22770000:error:0A0001BB:SSL routines:ssl3_get_record:bad record type:../ssl/record/ssl3_record.c:371:
4097DF9D22770000:error:0A0001BB:SSL routines:ssl3_get_record:bad record type:../ssl/record/ssl3_record.c:709:
4097DF9D22770000:error:0A0000F4:SSL routines:ossl_statem_server_read_transition:unexpected message:../ssl/statem/statem_srvr.c:312:
4097DF9D22770000:error:0A0000F4:SSL routines:ossl_statem_server_read_transition:unexpected message:../ssl/statem/statem_srvr.c:312:
4097DF9D22770000:error:0A0000F4:SSL routines:ossl_statem_server_read_transition:unexpected message:../ssl/statem/statem_srvr.c:312:
4097DF9D22770000:error:0A000153:SSL routines:ssl3_read_bytes:no renegotiation:../ssl/record/rec_layer_s3.c:1615:
4097DF9D22770000:error:0A0000F4:SSL routines:ossl_statem_server_read_transition:unexpected message:../ssl/statem/statem_srvr.c:312:
4097DF9D22770000:error:0A000153:SSL routines:ssl3_read_bytes:no renegotiation:../ssl/record/rec_layer_s3.c:1615:
4097DF9D22770000:error:0A000153:SSL routines:ssl3_read_bytes:no renegotiation:../ssl/record/rec_layer_s3.c:1615:
4097DF9D22770000:error:0A000153:SSL routines:ssl3_read_bytes:no renegotiation:../ssl/record/rec_layer_s3.c:1615:
4097DF9D22770000:error:0A000153:SSL routines:ssl3_read_bytes:no renegotiation:../ssl/record/rec_layer_s3.c:1615:
4097DF9D22770000:error:0A000153:SSL routines:ssl3_read_bytes:no renegotiation:../ssl/record/rec_layer_s3.c:1615:
4097DF9D22770000:error:0A000153:SSL routines:ssl3_read_bytes:no renegotiation:../ssl/record/rec_layer_s3.c:1615:
4097DF9D22770000:error:0A000153:SSL routines:ssl3_read_bytes:no renegotiation:../ssl/record/rec_layer_s3.c:1615:
4097DF9D22770000:error:0A000153:SSL routines:ssl3_read_bytes:no renegotiation:../ssl/record/rec_layer_s3.c:1615:
4097DF9D22770000:error:0A000153:SSL routines:ssl3_read_bytes:no renegotiation:../ssl/record/rec_layer_s3.c:1615:
4097DF9D22770000:error:0A000153:SSL routines:ssl3_read_bytes:no renegotiation:../ssl/record/rec_layer_s3.c:1615:
4097DF9D22770000:error:0A0000F4:SSL routines:ossl_statem_server_read_transition:unexpected message:../ssl/statem/statem_srvr.c:312:
4097DF9D22770000:error:0A0000F4:SSL routines:ossl_statem_server_read_transition:unexpected message:../ssl/statem/statem_srvr.c:312:
4097DF9D22770000:error:0A0000F4:SSL routines:ossl_statem_server_read_transition:unexpected message:../ssl/statem/statem_srvr.c:312:
4097DF9D22770000:error:0A0000F4:SSL routines:ossl_statem_server_read_transition:unexpected message:../ssl/statem/statem_srvr.c:312:
4097DF9D22770000:error:0A0000F4:SSL routines:ossl_statem_server_read_transition:unexpected message:../ssl/statem/statem_srvr.c:312:
4097DF9D22770000:error:0A0000F4:SSL routines:ossl_statem_server_read_transition:unexpected message:../ssl/statem/statem_srvr.c:312:
4097DF9D22770000:error:0A0000F4:SSL routines:ossl_statem_server_read_transition:unexpected message:../ssl/statem/statem_srvr.c:312:
4097DF9D22770000:error:0A0000F4:SSL routines:ossl_statem_server_read_transition:unexpected message:../ssl/statem/statem_srvr.c:312:
4097DF9D22770000:error:0A0000F4:SSL routines:ossl_statem_server_read_transition:unexpected message:../ssl/statem/statem_srvr.c:312:
4097DF9D22770000:error:0A0000F4:SSL routines:ossl_statem_server_read_transition:unexpected message:../ssl/statem/statem_srvr.c:312:
4097DF9D22770000:error:0A0001BB:SSL routines:ssl3_get_record:bad record type:../ssl/record/ssl3_record.c:371:
4097DF9D22770000:error:0A0001BB:SSL routines:ssl3_get_record:bad record type:../ssl/record/ssl3_record.c:371:
4097DF9D22770000:error:0A0001BB:SSL routines:ssl3_get_record:bad record type:../ssl/record/ssl3_record.c:371:
4097DF9D22770000:error:0A0001BB:SSL routines:ssl3_get_record:bad record type:../ssl/record/ssl3_record.c:371:
4097DF9D22770000:error:0A0001BB:SSL routines:ssl3_get_record:bad record type:../ssl/record/ssl3_record.c:371:
4097DF9D22770000:error:0A0001BB:SSL routines:ssl3_get_record:bad record type:../ssl/record/ssl3_record.c:371:
4097DF9D22770000:error:0A0001BB:SSL routines:ssl3_get_record:bad record type:../ssl/record/ssl3_record.c:371:
4097DF9D22770000:error:0A0001BB:SSL routines:ssl3_get_record:bad record type:../ssl/record/ssl3_record.c:371:
4097DF9D22770000:error:0A0001BB:SSL routines:ssl3_get_record:bad record type:../ssl/record/ssl3_record.c:371:
4097DF9D22770000:error:0A0001BB:SSL routines:ssl3_get_record:bad record type:../ssl/record/ssl3_record.c:371:
4097DF9D22770000:error:0A0001BB:SSL routines:ssl3_get_record:bad record type:../ssl/record/ssl3_record.c:709:
4097DF9D22770000:error:0A0001BB:SSL routines:ssl3_get_record:bad record type:../ssl/record/ssl3_record.c:709:
4097DF9D22770000:error:0A0001BB:SSL routines:ssl3_get_record:bad record type:../ssl/record/ssl3_record.c:709:
4097DF9D22770000:error:0A0001BB:SSL routines:ssl3_get_record:bad record type:../ssl/record/ssl3_record.c:709:
4097DF9D22770000:error:0A0001BB:SSL routines:ssl3_get_record:bad record type:../ssl/record/ssl3_record.c:709:
4097DF9D22770000:error:0A0001BB:SSL routines:ssl3_get_record:bad record type:../ssl/record/ssl3_record.c:709:
4097DF9D22770000:error:0A0001BB:SSL routines:ssl3_get_record:bad record type:../ssl/record/ssl3_record.c:709:
4097DF9D22770000:error:0A0001BB:SSL routines:ssl3_get_record:bad record type:../ssl/record/ssl3_record.c:709:
4097DF9D22770000:error:0A0001BB:SSL routines:ssl3_get_record:bad record type:../ssl/record/ssl3_record.c:709:
4097DF9D22770000:error:0A0001BB:SSL routines:ssl3_get_record:bad record type:../ssl/record/ssl3_record.c:709:
4097DF9D22770000:error:0A0000F4:SSL routines:ossl_statem_server_read_transition:unexpected message:../ssl/statem/statem_srvr.c:312:
4097DF9D22770000:error:0A0000F4:SSL routines:ossl_statem_server_read_transition:unexpected message:../ssl/statem/statem_srvr.c:312:
4097DF9D22770000:error:0A0000F4:SSL routines:ossl_statem_server_read_transition:unexpected message:../ssl/statem/statem_srvr.c:312:
4097DF9D22770000:error:0A0000F4:SSL routines:ossl_statem_server_read_transition:unexpected message:../ssl/statem/statem_srvr.c:312:
4097DF9D22770000:error:0A0000F4:SSL routines:ossl_statem_server_read_transition:unexpected message:../ssl/statem/statem_srvr.c:312:
4097DF9D22770000:error:0A0000F4:SSL routines:ossl_statem_server_read_transition:unexpected message:../ssl/statem/statem_srvr.c:312:
4097DF9D22770000:error:0A0000F4:SSL routines:ossl_statem_server_read_transition:unexpected message:../ssl/statem/statem_srvr.c:312:
4097DF9D22770000:error:0A0000F4:SSL routines:ossl_statem_server_read_transition:unexpected message:../ssl/statem/statem_srvr.c:312:
4097DF9D22770000:error:0A0000F4:SSL routines:ossl_statem_server_read_transition:unexpected message:../ssl/statem/statem_srvr.c:312:
4097DF9D22770000:error:0A0000F4:SSL routines:ossl_statem_server_read_transition:unexpected message:../ssl/statem/statem_srvr.c:312:
4097DF9D22770000:error:0A0000F4:SSL routines:ossl_statem_server_read_transition:unexpected message:../ssl/statem/statem_srvr.c:312:
4097DF9D22770000:error:0A0000F4:SSL routines:ossl_statem_server_read_transition:unexpected message:../ssl/statem/statem_srvr.c:312:
4097DF9D22770000:error:0A0000F4:SSL routines:ossl_statem_server_read_transition:unexpected message:../ssl/statem/statem_srvr.c:312:
4097DF9D22770000:error:0A0000F4:SSL routines:ossl_statem_server_read_transition:unexpected message:../ssl/statem/statem_srvr.c:312:
4097DF9D22770000:error:0A0000F4:SSL routines:ossl_statem_server_read_transition:unexpected message:../ssl/statem/statem_srvr.c:312:
4097DF9D22770000:error:0A0000F4:SSL routines:ossl_statem_server_read_transition:unexpected message:../ssl/statem/statem_srvr.c:312:
4097DF9D22770000:error:0A0000F4:SSL routines:ossl_statem_server_read_transition:unexpected message:../ssl/statem/statem_srvr.c:312:
4097DF9D22770000:error:0A0000F4:SSL routines:ossl_statem_server_read_transition:unexpected message:../ssl/statem/statem_srvr.c:312:
4097DF9D22770000:error:0A0000F4:SSL routines:ossl_statem_server_read_transition:unexpected message:../ssl/statem/statem_srvr.c:312:
4097DF9D22770000:error:0A0000F4:SSL routines:ossl_statem_server_read_transition:unexpected message:../ssl/statem/statem_srvr.c:312:
4097DF9D22770000:error:0A0000F4:SSL routines:ossl_statem_server_read_transition:unexpected message:../ssl/statem/statem_srvr.c:312:
4097DF9D22770000:error:0A0000F4:SSL routines:ossl_statem_server_read_transition:unexpected message:../ssl/statem/statem_srvr.c:312:
4097DF9D22770000:error:0A0000F4:SSL routines:ossl_statem_server_read_transition:unexpected message:../ssl/statem/statem_srvr.c:312:
4097DF9D22770000:error:0A0000F4:SSL routines:ossl_statem_server_read_transition:unexpected message:../ssl/statem/statem_srvr.c:312:
4097DF9D22770000:error:0A0000F4:SSL routines:ossl_statem_server_read_transition:unexpected message:../ssl/statem/statem_srvr.c:312:
4097DF9D22770000:error:0A0000F4:SSL routines:ossl_statem_server_read_transition:unexpected message:../ssl/statem/statem_srvr.c:312:
4097DF9D22770000:error:0A0000F4:SSL routines:ossl_statem_server_read_transition:unexpected message:../ssl/statem/statem_srvr.c:312:
4097DF9D22770000:error:0A0000F4:SSL routines:ossl_statem_server_read_transition:unexpected message:../ssl/statem/statem_srvr.c:312:
4097DF9D22770000:error:0A0000F4:SSL routines:ossl_statem_server_read_transition:unexpected message:../ssl/statem/statem_srvr.c:312:
4097DF9D22770000:error:0A0000F4:SSL routines:ossl_statem_server_read_transition:unexpected message:../ssl/statem/statem_srvr.c:312:
4097DF9D22770000:error:0A0001BB:SSL routines:ssl3_get_record:bad record type:../ssl/record/ssl3_record.c:371:
4097DF9D22770000:error:0A0001BB:SSL routines:ssl3_get_record:bad record type:../ssl/record/ssl3_record.c:709:
4097DF9D22770000:error:0A0000F4:SSL routines:ossl_statem_server_read_transition:unexpected message:../ssl/statem/statem_srvr.c:312:
4097DF9D22770000:error:0A0000F4:SSL routines:ossl_statem_server_read_transition:unexpected message:../ssl/statem/statem_srvr.c:312:
4097DF9D22770000:error:0A0000F4:SSL routines:ossl_statem_server_read_transition:unexpected message:../ssl/statem/statem_srvr.c:312:
4097DF9D22770000:error:0A000153:SSL routines:ssl3_read_bytes:no renegotiation:../ssl/record/rec_layer_s3.c:1615:
4097DF9D22770000:error:0A0000F4:SSL routines:ossl_statem_server_read_transition:unexpected message:../ssl/statem/statem_srvr.c:312:
4097DF9D22770000:error:0A000153:SSL routines:ssl3_read_bytes:no renegotiation:../ssl/record/rec_layer_s3.c:1615:
4097DF9D22770000:error:0A000153:SSL routines:ssl3_read_bytes:no renegotiation:../ssl/record/rec_layer_s3.c:1615:
4097DF9D22770000:error:0A000153:SSL routines:ssl3_read_bytes:no renegotiation:../ssl/record/rec_layer_s3.c:1615:
4097DF9D22770000:error:0A000153:SSL routines:ssl3_read_bytes:no renegotiation:../ssl/record/rec_layer_s3.c:1615:
4097DF9D22770000:error:0A000153:SSL routines:ssl3_read_bytes:no renegotiation:../ssl/record/rec_layer_s3.c:1615:
4097DF9D22770000:error:0A000153:SSL routines:ssl3_read_bytes:no renegotiation:../ssl/record/rec_layer_s3.c:1615:
4097DF9D22770000:error:0A000153:SSL routines:ssl3_read_bytes:no renegotiation:../ssl/record/rec_layer_s3.c:1615:
4097DF9D22770000:error:0A000153:SSL routines:ssl3_read_bytes:no renegotiation:../ssl/record/rec_layer_s3.c:1615:
4097DF9D22770000:error:0A000153:SSL routines:ssl3_read_bytes:no renegotiation:../ssl/record/rec_layer_s3.c:1615:
4097DF9D22770000:error:0A000153:SSL routines:ssl3_read_bytes:no renegotiation:../ssl/record/rec_layer_s3.c:1615:
4097DF9D22770000:error:0A0000F4:SSL routines:ossl_statem_server_read_transition:unexpected message:../ssl/statem/statem_srvr.c:312:
4097DF9D22770000:error:0A0000F4:SSL routines:ossl_statem_server_read_transition:unexpected message:../ssl/statem/statem_srvr.c:312:
4097DF9D22770000:error:0A0000F4:SSL routines:ossl_statem_server_read_transition:unexpected message:../ssl/statem/statem_srvr.c:312:
4097DF9D22770000:error:0A0000F4:SSL routines:ossl_statem_server_read_transition:unexpected message:../ssl/statem/statem_srvr.c:312:
4097DF9D22770000:error:0A0000F4:SSL routines:ossl_statem_server_read_transition:unexpected message:../ssl/statem/statem_srvr.c:312:
4097DF9D22770000:error:0A0000F4:SSL routines:ossl_statem_server_read_transition:unexpected message:../ssl/statem/statem_srvr.c:312:
4097DF9D22770000:error:0A0000F4:SSL routines:ossl_statem_server_read_transition:unexpected message:../ssl/statem/statem_srvr.c:312:
4097DF9D22770000:error:0A0000F4:SSL routines:ossl_statem_server_read_transition:unexpected message:../ssl/statem/statem_srvr.c:312:
4097DF9D22770000:error:0A0000F4:SSL routines:ossl_statem_server_read_transition:unexpected message:../ssl/statem/statem_srvr.c:312:
4097DF9D22770000:error:0A0000F4:SSL routines:ossl_statem_server_read_transition:unexpected message:../ssl/statem/statem_srvr.c:312:
