[pid=387179] accept: new client_fd=4 from unknown:0, MONITORED_FD updated
[pid=387179] read: sockfd=4, len=5, ret=5, has_token=0
[pid=387179] received OOB token on fd=4 via recv(), byte=0x58
  readfds (before read): [4]
[pid=387179] read: sockfd=4, len=153, ret=153, has_token=1
[pid=387179] read: sockfd=4, len=5, sel_ret=0, has_token=1 => sending OOB token before read
[pid=387179] sent OOB token on fd=4, delta_since_last_write=148663535477 us
[pid=387179] read: sockfd=4, len=5, ret=5, has_token=0
[pid=387179] received OOB token on fd=4 via recv(), byte=0x58
  readfds (before read): [4]
[pid=387179] read: sockfd=4, len=53, ret=53, has_token=1
[pid=387179] read: sockfd=4, len=5, sel_ret=0, has_token=1 => sending OOB token before read
[pid=387179] sent OOB token on fd=4, delta_since_last_write=148663781453 us
[pid=387179] read: sockfd=4, len=5, ret=5, has_token=0
[pid=387179] received OOB token on fd=4 via recv(), byte=0x58
  readfds (before read): [4]
[pid=387179] read: sockfd=4, len=17, ret=17, has_token=1
[pid=387179] read: sockfd=4, len=5, sel_ret=0, has_token=1 => sending OOB token before read
[pid=387179] sent OOB token on fd=4, delta_since_last_write=148663809507 us
[pid=387179] read: sockfd=4, len=5, ret=5, has_token=0
[pid=387179] received OOB token on fd=4 via recv(), byte=0x58
  readfds (before read): [4]
[pid=387179] read: sockfd=4, len=25, ret=25, has_token=1
8030DEB5FD7D0000:error:0A0000F4:SSL routines:ossl_statem_server_read_transition:unexpected message:../ssl/statem/statem_srvr.c:312:
[pid=387179] shutdown: sockfd=4, how=1 (SHUT_WR), has_token=1 => sending OOB token before shutdown
[pid=387179] sent OOB token on fd=4, delta_since_last_write=148663824810 us
[pid=387179] shutdown: fd=4 => ret=0
  readfds (before read): [4]
[pid=387179] read: sockfd=4, len=64, ret=64, has_token=0
[pid=387179] received OOB token on fd=4 via recv(), byte=0x58
  readfds (before read): [4]
[pid=387179] read: sockfd=4, len=64, ret=64, has_token=1
  readfds (before read): [4]
[pid=387179] read: sockfd=4, len=64, ret=46, has_token=1
  readfds (before read): [4]
[pid=387179] read: sockfd=4, len=64, ret=0, has_token=1
